<?xml version="1.0" encoding="UTF-8"?>
<testng-results ignored="0" total="2" passed="2" failed="0" skipped="0">
  <reporter-output>
  </reporter-output>
  <suite started-at="2024-11-14T11:11:42 CET" name="Suite" finished-at="2024-11-14T11:12:10 CET" duration-ms="28084">
    <groups>
    </groups>
    <test started-at="2024-11-14T11:11:42 CET" name="Test" finished-at="2024-11-14T11:12:10 CET" duration-ms="28084">
      <class name="runners.SearchFlightChromeRunner">
        <test-method is-config="true" signature="setUpClass()[pri:0, instance:runners.SearchFlightChromeRunner@55a561cf]" started-at="2024-11-14T11:11:42 CET" name="setUpClass" finished-at="2024-11-14T11:11:42 CET" duration-ms="227" status="PASS">
          <reporter-output>
          </reporter-output>
        </test-method> <!-- setUpClass -->
        <test-method signature="runScenario(io.cucumber.testng.PickleWrapper,io.cucumber.testng.FeatureWrapper)[pri:0, instance:runners.SearchFlightChromeRunner@55a561cf]" started-at="2024-11-14T11:11:42 CET" name="runScenario" data-provider="scenarios" finished-at="2024-11-14T11:12:05 CET" duration-ms="22591" status="PASS">
          <params>
            <param index="0">
              <value>
                <![CDATA["Searching flight on chrome"]]>
              </value>
            </param>
            <param index="1">
              <value>
                <![CDATA["Searching flight on Chrome"]]>
              </value>
            </param>
          </params>
          <reporter-output>
          </reporter-output>
        </test-method> <!-- runScenario -->
        <test-method is-config="true" signature="tearDownClass()[pri:0, instance:runners.SearchFlightChromeRunner@55a561cf]" started-at="2024-11-14T11:12:05 CET" name="tearDownClass" finished-at="2024-11-14T11:12:05 CET" duration-ms="0" status="PASS">
          <reporter-output>
          </reporter-output>
        </test-method> <!-- tearDownClass -->
      </class> <!-- runners.SearchFlightChromeRunner -->
      <class name="runners.SearchFlightFirefoxRunner">
        <test-method is-config="true" signature="setUpClass()[pri:0, instance:runners.SearchFlightFirefoxRunner@657c8ad9]" started-at="2024-11-14T11:11:42 CET" name="setUpClass" finished-at="2024-11-14T11:11:42 CET" duration-ms="227" status="PASS">
          <reporter-output>
          </reporter-output>
        </test-method> <!-- setUpClass -->
        <test-method signature="runScenario(io.cucumber.testng.PickleWrapper,io.cucumber.testng.FeatureWrapper)[pri:0, instance:runners.SearchFlightFirefoxRunner@657c8ad9]" started-at="2024-11-14T11:11:42 CET" name="runScenario" data-provider="scenarios" finished-at="2024-11-14T11:12:10 CET" duration-ms="27825" status="PASS">
          <params>
            <param index="0">
              <value>
                <![CDATA["Searching flight on firefox"]]>
              </value>
            </param>
            <param index="1">
              <value>
                <![CDATA["Searching flight on firefox"]]>
              </value>
            </param>
          </params>
          <reporter-output>
          </reporter-output>
        </test-method> <!-- runScenario -->
        <test-method is-config="true" signature="tearDownClass()[pri:0, instance:runners.SearchFlightFirefoxRunner@657c8ad9]" started-at="2024-11-14T11:12:10 CET" name="tearDownClass" finished-at="2024-11-14T11:12:10 CET" duration-ms="0" status="PASS">
          <reporter-output>
          </reporter-output>
        </test-method> <!-- tearDownClass -->
      </class> <!-- runners.SearchFlightFirefoxRunner -->
    </test> <!-- Test -->
  </suite> <!-- Suite -->
</testng-results>
